# JRE version: Java(TM) SE Runtime Environment (8.0_20-b26) (build 1.8.0_20-b26)
# Java VM: Java HotSpot(TM) 64-Bit Server VM (25.20-b23 mixed mode windows-amd64 compressed oops)
Heap:
 PSYoungGen      total 107520K, used 64921K [0x00000000eb400000, 0x00000000f5700000, 0x0000000100000000)
  eden space 55296K, 55% used [0x00000000eb400000,0x00000000ed1cb5e0,0x00000000eea00000)
  from space 52224K, 65% used [0x00000000f1f80000,0x00000000f411ae70,0x00000000f5280000)
  to   space 54784K, 0% used [0x00000000eea00000,0x00000000eea00000,0x00000000f1f80000)
 ParOldGen       total 91136K, used 16656K [0x00000000c1c00000, 0x00000000c7500000, 0x00000000eb400000)
  object space 91136K, 18% used [0x00000000c1c00000,0x00000000c2c443a0,0x00000000c7500000)
 Metaspace       used 11660K, capacity 11838K, committed 12032K, reserved 1060864K
  class space    used 1352K, capacity 1411K, committed 1536K, reserved 1048576K
GC Heap History (10 events):
Event: 14.282 GC heap before
{Heap before GC invocations=8 (full 1):
 PSYoungGen      total 72704K, used 52930K [0x00000000eb400000, 0x00000000f2100000, 0x0000000100000000)
  eden space 34304K, 99% used [0x00000000eb400000,0x00000000ed574020,0x00000000ed580000)
  from space 38400K, 48% used [0x00000000efb00000,0x00000000f0d3c9a0,0x00000000f2080000)
  to   space 38400K, 0% used [0x00000000ed580000,0x00000000ed580000,0x00000000efb00000)
 ParOldGen       total 75264K, used 31366K [0x00000000c1c00000, 0x00000000c6580000, 0x00000000eb400000)
  object space 75264K, 41% used [0x00000000c1c00000,0x00000000c3aa1b20,0x00000000c6580000)
 Metaspace       used 11503K, capacity 11710K, committed 12032K, reserved 1060864K
  class space    used 1350K, capacity 1411K, committed 1536K, reserved 1048576K
Event: 14.314 GC heap after
Heap after GC invocations=8 (full 1):
 PSYoungGen      total 72704K, used 38186K [0x00000000eb400000, 0x00000000f4000000, 0x0000000100000000)
  eden space 34304K, 0% used [0x00000000eb400000,0x00000000eb400000,0x00000000ed580000)
  from space 38400K, 99% used [0x00000000ed580000,0x00000000efacab78,0x00000000efb00000)
  to   space 48128K, 0% used [0x00000000f1100000,0x00000000f1100000,0x00000000f4000000)
 ParOldGen       total 75264K, used 57484K [0x00000000c1c00000, 0x00000000c6580000, 0x00000000eb400000)
  object space 75264K, 76% used [0x00000000c1c00000,0x00000000c5423148,0x00000000c6580000)
 Metaspace       used 11503K, capacity 11710K, committed 12032K, reserved 1060864K
  class space    used 1350K, capacity 1411K, committed 1536K, reserved 1048576K
}
Event: 14.314 GC heap before
{Heap before GC invocations=9 (full 2):
 PSYoungGen      total 72704K, used 38186K [0x00000000eb400000, 0x00000000f4000000, 0x0000000100000000)
  eden space 34304K, 0% used [0x00000000eb400000,0x00000000eb400000,0x00000000ed580000)
  from space 38400K, 99% used [0x00000000ed580000,0x00000000efacab78,0x00000000efb00000)
  to   space 48128K, 0% used [0x00000000f1100000,0x00000000f1100000,0x00000000f4000000)
 ParOldGen       total 75264K, used 57484K [0x00000000c1c00000, 0x00000000c6580000, 0x00000000eb400000)
  object space 75264K, 76% used [0x00000000c1c00000,0x00000000c5423148,0x00000000c6580000)
 Metaspace       used 11503K, capacity 11710K, committed 12032K, reserved 1060864K
  class space    used 1350K, capacity 1411K, committed 1536K, reserved 1048576K
Event: 14.336 GC heap after
Heap after GC invocations=9 (full 2):
 PSYoungGen      total 72704K, used 0K [0x00000000eb400000, 0x00000000f4000000, 0x0000000100000000)
  eden space 34304K, 0% used [0x00000000eb400000,0x00000000eb400000,0x00000000ed580000)
  from space 38400K, 0% used [0x00000000ed580000,0x00000000ed580000,0x00000000efb00000)
  to   space 48128K, 0% used [0x00000000f1100000,0x00000000f1100000,0x00000000f4000000)
 ParOldGen       total 91136K, used 16632K [0x00000000c1c00000, 0x00000000c7500000, 0x00000000eb400000)
  object space 91136K, 18% used [0x00000000c1c00000,0x00000000c2c3e3a0,0x00000000c7500000)
 Metaspace       used 11503K, capacity 11710K, committed 12032K, reserved 1060864K
  class space    used 1350K, capacity 1411K, committed 1536K, reserved 1048576K
}
Event: 15.470 GC heap before
{Heap before GC invocations=10 (full 2):
 PSYoungGen      total 72704K, used 34301K [0x00000000eb400000, 0x00000000f4000000, 0x0000000100000000)
  eden space 34304K, 99% used [0x00000000eb400000,0x00000000ed57f710,0x00000000ed580000)
  from space 38400K, 0% used [0x00000000ed580000,0x00000000ed580000,0x00000000efb00000)
  to   space 48128K, 0% used [0x00000000f1100000,0x00000000f1100000,0x00000000f4000000)
 ParOldGen       total 91136K, used 16632K [0x00000000c1c00000, 0x00000000c7500000, 0x00000000eb400000)
  object space 91136K, 18% used [0x00000000c1c00000,0x00000000c2c3e3a0,0x00000000c7500000)
 Metaspace       used 11558K, capacity 11710K, committed 12032K, reserved 1060864K
  class space    used 1350K, capacity 1411K, committed 1536K, reserved 1048576K
Event: 15.493 GC heap after
Heap after GC invocations=10 (full 2):
 PSYoungGen      total 91648K, used 32426K [0x00000000eb400000, 0x00000000f4e80000, 0x0000000100000000)
  eden space 43520K, 0% used [0x00000000eb400000,0x00000000eb400000,0x00000000ede80000)
  from space 48128K, 67% used [0x00000000f1100000,0x00000000f30aaa20,0x00000000f4000000)
  to   space 51712K, 0% used [0x00000000ede80000,0x00000000ede80000,0x00000000f1100000)
 ParOldGen       total 91136K, used 16640K [0x00000000c1c00000, 0x00000000c7500000, 0x00000000eb400000)
  object space 91136K, 18% used [0x00000000c1c00000,0x00000000c2c403a0,0x00000000c7500000)
 Metaspace       used 11558K, capacity 11710K, committed 12032K, reserved 1060864K
  class space    used 1350K, capacity 1411K, committed 1536K, reserved 1048576K
}
Event: 19.444 GC heap before
{Heap before GC invocations=11 (full 2):
 PSYoungGen      total 91648K, used 75946K [0x00000000eb400000, 0x00000000f4e80000, 0x0000000100000000)
  eden space 43520K, 100% used [0x00000000eb400000,0x00000000ede80000,0x00000000ede80000)
  from space 48128K, 67% used [0x00000000f1100000,0x00000000f30aaa20,0x00000000f4000000)
  to   space 51712K, 0% used [0x00000000ede80000,0x00000000ede80000,0x00000000f1100000)
 ParOldGen       total 91136K, used 16640K [0x00000000c1c00000, 0x00000000c7500000, 0x00000000eb400000)
  object space 91136K, 18% used [0x00000000c1c00000,0x00000000c2c403a0,0x00000000c7500000)
 Metaspace       used 11585K, capacity 11710K, committed 12032K, reserved 1060864K
  class space    used 1350K, capacity 1411K, committed 1536K, reserved 1048576K
Event: 19.451 GC heap after
Heap after GC invocations=11 (full 2):
 PSYoungGen      total 95232K, used 28552K [0x00000000eb400000, 0x00000000f5280000, 0x0000000100000000)
  eden space 43520K, 0% used [0x00000000eb400000,0x00000000eb400000,0x00000000ede80000)
  from space 51712K, 55% used [0x00000000ede80000,0x00000000efa620e0,0x00000000f1100000)
  to   space 52224K, 0% used [0x00000000f1f80000,0x00000000f1f80000,0x00000000f5280000)
 ParOldGen       total 91136K, used 16648K [0x00000000c1c00000, 0x00000000c7500000, 0x00000000eb400000)
  object space 91136K, 18% used [0x00000000c1c00000,0x00000000c2c423a0,0x00000000c7500000)
 Metaspace       used 11585K, capacity 11710K, committed 12032K, reserved 1060864K
  class space    used 1350K, capacity 1411K, committed 1536K, reserved 1048576K
}
Event: 22.012 GC heap before
{Heap before GC invocations=12 (full 2):
 PSYoungGen      total 95232K, used 72072K [0x00000000eb400000, 0x00000000f5280000, 0x0000000100000000)
  eden space 43520K, 100% used [0x00000000eb400000,0x00000000ede80000,0x00000000ede80000)
  from space 51712K, 55% used [0x00000000ede80000,0x00000000efa620e0,0x00000000f1100000)
  to   space 52224K, 0% used [0x00000000f1f80000,0x00000000f1f80000,0x00000000f5280000)
 ParOldGen       total 91136K, used 16648K [0x00000000c1c00000, 0x00000000c7500000, 0x00000000eb400000)
  object space 91136K, 18% used [0x00000000c1c00000,0x00000000c2c423a0,0x00000000c7500000)
 Metaspace       used 11608K, capacity 11774K, committed 12032K, reserved 1060864K
  class space    used 1350K, capacity 1411K, committed 1536K, reserved 1048576K
Event: 22.029 GC heap after
Heap after GC invocations=12 (full 2):
 PSYoungGen      total 107520K, used 34411K [0x00000000eb400000, 0x00000000f5700000, 0x0000000100000000)
  eden space 55296K, 0% used [0x00000000eb400000,0x00000000eb400000,0x00000000eea00000)
  from space 52224K, 65% used [0x00000000f1f80000,0x00000000f411ae70,0x00000000f5280000)
  to   space 54784K, 0% used [0x00000000eea00000,0x00000000eea00000,0x00000000f1f80000)
 ParOldGen       total 91136K, used 16656K [0x00000000c1c00000, 0x00000000c7500000, 0x00000000eb400000)
  object space 91136K, 18% used [0x00000000c1c00000,0x00000000c2c443a0,0x00000000c7500000)
 Metaspace       used 11608K, capacity 11774K, committed 12032K, reserved 1060864K
  class space    used 1350K, capacity 1411K, committed 1536K, reserved 1048576K
}

